<?xml version="1.0" encoding="UTF-8"?>
<!-- Generated by org.testng.reporters.JUnitXMLReporter -->
<testsuite hostname="Praweens-MacBook-Pro.local" ignored="1" name="FirefoxTest" tests="2" failures="0" timestamp="04 Oct 2017 00:46:28 GMT" time="2.327" errors="0">
  <testcase name="@BeforeClass beforeClass" time="2.312" classname="com.puja.webdriver.WalmartSearchFlow">
    <failure type="org.openqa.selenium.SessionNotCreatedException" message="Unable to create new remote session. desired capabilities = Capabilities [{marionette=true, browserName=firefox, moz:firefoxOptions=org.openqa.selenium.firefox.FirefoxOptions@2468e5c3, version=, platform=ANY, firefox_profile=org.openqa.selenium.firefox.FirefoxProfile@7cb03edb}], required capabilities = Capabilities [{}]
Build info: version: &amp;apos;unknown&amp;apos;, revision: &amp;apos;8c03df6&amp;apos;, time: &amp;apos;2017-03-02 09:30:17 -0800&amp;apos;
System info: host: &amp;apos;Praweens-MacBook-Pro.local&amp;apos;, ip: &amp;apos;2601:644:8102:154:0:0:0:d866&amp;apos;, os.name: &amp;apos;Mac OS X&amp;apos;, os.arch: &amp;apos;x86_64&amp;apos;, os.version: &amp;apos;10.11.6&amp;apos;, java.version: &amp;apos;1.8.0_121&amp;apos;
Driver info: driver.version: FirefoxDriver">
      <![CDATA[org.openqa.selenium.SessionNotCreatedException: Unable to create new remote session. desired capabilities = Capabilities [{marionette=true, browserName=firefox, moz:firefoxOptions=org.openqa.selenium.firefox.FirefoxOptions@2468e5c3, version=, platform=ANY, firefox_profile=org.openqa.selenium.firefox.FirefoxProfile@7cb03edb}], required capabilities = Capabilities [{}]
Build info: version: 'unknown', revision: '8c03df6', time: '2017-03-02 09:30:17 -0800'
System info: host: 'Praweens-MacBook-Pro.local', ip: '2601:644:8102:154:0:0:0:d866', os.name: 'Mac OS X', os.arch: 'x86_64', os.version: '10.11.6', java.version: '1.8.0_121'
Driver info: driver.version: FirefoxDriver
	at org.openqa.selenium.remote.ProtocolHandshake.createSession(ProtocolHandshake.java:91)
	at org.openqa.selenium.remote.HttpCommandExecutor.execute(HttpCommandExecutor.java:141)
	at org.openqa.selenium.remote.service.DriverCommandExecutor.execute(DriverCommandExecutor.java:82)
	at org.openqa.selenium.remote.RemoteWebDriver.execute(RemoteWebDriver.java:604)
	at org.openqa.selenium.remote.RemoteWebDriver.startSession(RemoteWebDriver.java:244)
	at org.openqa.selenium.remote.RemoteWebDriver.<init>(RemoteWebDriver.java:131)
	at org.openqa.selenium.firefox.FirefoxDriver.<init>(FirefoxDriver.java:293)
	at org.openqa.selenium.firefox.FirefoxDriver.<init>(FirefoxDriver.java:272)
	at org.openqa.selenium.firefox.FirefoxDriver.<init>(FirefoxDriver.java:267)
	at org.openqa.selenium.firefox.FirefoxDriver.<init>(FirefoxDriver.java:263)
	at org.openqa.selenium.firefox.FirefoxDriver.<init>(FirefoxDriver.java:122)
	at com.puja.webdriver.WalmartSearchFlow.beforeClass(WalmartSearchFlow.java:38)
	at java.util.concurrent.FutureTask.run(FutureTask.java:266)
	at java.util.concurrent.ThreadPoolExecutor.runWorker(ThreadPoolExecutor.java:1142)
	at java.util.concurrent.ThreadPoolExecutor$Worker.run(ThreadPoolExecutor.java:617)
	at java.lang.Thread.run(Thread.java:745)
... Removed 16 stack frames]]>
    </failure>
  </testcase> <!-- @BeforeClass beforeClass -->
  <testcase name="@AfterTest aftetest" time="0.0" classname="com.puja.webdriver.WalmartSearchFlow">
    <skipped/>
  </testcase> <!-- @AfterTest aftetest -->
  <testcase name="SearchPage" time="0.0" classname="com.puja.webdriver.WalmartSearchFlow">
    <skipped/>
  </testcase> <!-- SearchPage -->
  <testcase name="searchProduct" time="0.0" classname="com.puja.webdriver.WalmartSearchFlow">
    <skipped/>
  </testcase> <!-- searchProduct -->
  <testcase name="AddToCart" time="0.0" classname="com.puja.webdriver.WalmartSearchFlow">
    <ignored/>
  </testcase> <!-- AddToCart -->
</testsuite> <!-- FirefoxTest -->
